<?xml version="1.0" encoding="UTF-8" ?>
<testsuite errors="1" failures="0" hostname="MacBook-Pro-10.local" name="csudh.csc311.finalProject.WikiSearchTest" skipped="0" tests="1" time="0.0" timestamp="2023-12-07T09:39:31">
  <properties>
[...]
</properties>
  <error message="csudh.csc311.finalProject.WikiSearchTest" type="java.lang.ClassNotFoundException">java.lang.ClassNotFoundException: csudh.csc311.finalProject.WikiSearchTest
	at java.base/jdk.internal.loader.BuiltinClassLoader.loadClass(BuiltinClassLoader.java:641)
	at java.base/jdk.internal.loader.ClassLoaders$AppClassLoader.loadClass(ClassLoaders.java:188)
	at java.base/java.lang.ClassLoader.loadClass(ClassLoader.java:521)
	at java.base/java.lang.Class.forName0(Native Method)
	at java.base/java.lang.Class.forName(Class.java:391)
	at java.base/java.lang.Class.forName(Class.java:382)
</error>
  <system-out><![CDATA[]]></system-out>
  <system-err><![CDATA[]]></system-err>
</testsuite>
